<?xml version="1.0" encoding="UTF-8"?>
<testsuite xmlns:xsi="http://www.w3.org/2001/XMLSchema-instance" xsi:noNamespaceSchemaLocation="https://maven.apache.org/surefire/maven-surefire-plugin/xsd/surefire-test-report-3.0.xsd" version="3.0" name="com.khoanda.fraction.test.maven.FractionCalculatorTest" time="0.403" tests="14" errors="0" skipped="0" failures="0">
  <properties>
    <property name="java.specification.version" value="17"/>
    <property name="sun.cpu.isalist" value="amd64"/>
    <property name="sun.jnu.encoding" value="Cp1252"/>
    <property name="java.class.path" value="D:\SWT301\code\fractions-calculate-maven\target\test-classes;D:\SWT301\code\fractions-calculate-maven\target\classes;C:\Users\Admin\.m2\repository\org\testng\testng\7.7.1\testng-7.7.1.jar;C:\Users\Admin\.m2\repository\org\slf4j\slf4j-api\1.7.36\slf4j-api-1.7.36.jar;C:\Users\Admin\.m2\repository\com\beust\jcommander\1.82\jcommander-1.82.jar;C:\Users\Admin\.m2\repository\org\webjars\jquery\3.6.1\jquery-3.6.1.jar;C:\Users\Admin\.m2\repository\org\apache\cassandra\cassandra-all\0.8.1\cassandra-all-0.8.1.jar;C:\Users\Admin\.m2\repository\com\google\guava\guava\r08\guava-r08.jar;C:\Users\Admin\.m2\repository\commons-cli\commons-cli\1.1\commons-cli-1.1.jar;C:\Users\Admin\.m2\repository\commons-codec\commons-codec\1.2\commons-codec-1.2.jar;C:\Users\Admin\.m2\repository\commons-collections\commons-collections\3.2.1\commons-collections-3.2.1.jar;C:\Users\Admin\.m2\repository\commons-lang\commons-lang\2.4\commons-lang-2.4.jar;C:\Users\Admin\.m2\repository\com\googlecode\concurrentlinkedhashmap\concurrentlinkedhashmap-lru\1.1\concurrentlinkedhashmap-lru-1.1.jar;C:\Users\Admin\.m2\repository\org\antlr\antlr\3.2\antlr-3.2.jar;C:\Users\Admin\.m2\repository\org\antlr\antlr-runtime\3.2\antlr-runtime-3.2.jar;C:\Users\Admin\.m2\repository\org\antlr\stringtemplate\3.2\stringtemplate-3.2.jar;C:\Users\Admin\.m2\repository\antlr\antlr\2.7.7\antlr-2.7.7.jar;C:\Users\Admin\.m2\repository\org\apache\cassandra\deps\avro\1.4.0-cassandra-1\avro-1.4.0-cassandra-1.jar;C:\Users\Admin\.m2\repository\org\mortbay\jetty\jetty\6.1.22\jetty-6.1.22.jar;C:\Users\Admin\.m2\repository\org\mortbay\jetty\jetty-util\6.1.22\jetty-util-6.1.22.jar;C:\Users\Admin\.m2\repository\org\mortbay\jetty\servlet-api\2.5-20081211\servlet-api-2.5-20081211.jar;C:\Users\Admin\.m2\repository\org\codehaus\jackson\jackson-core-asl\1.4.0\jackson-core-asl-1.4.0.jar;C:\Users\Admin\.m2\repository\org\codehaus\jackson\jackson-mapper-asl\1.4.0\jackson-mapper-asl-1.4.0.jar;C:\Users\Admin\.m2\repository\jline\jline\0.9.94\jline-0.9.94.jar;C:\Users\Admin\.m2\repository\com\googlecode\json-simple\json-simple\1.1\json-simple-1.1.jar;C:\Users\Admin\.m2\repository\com\github\stephenc\high-scale-lib\high-scale-lib\1.1.2\high-scale-lib-1.1.2.jar;C:\Users\Admin\.m2\repository\org\yaml\snakeyaml\1.6\snakeyaml-1.6.jar;C:\Users\Admin\.m2\repository\org\apache\thrift\libthrift\0.6.1\libthrift-0.6.1.jar;C:\Users\Admin\.m2\repository\junit\junit\4.4\junit-4.4.jar;C:\Users\Admin\.m2\repository\javax\servlet\servlet-api\2.5\servlet-api-2.5.jar;C:\Users\Admin\.m2\repository\org\apache\httpcomponents\httpclient\4.0.1\httpclient-4.0.1.jar;C:\Users\Admin\.m2\repository\org\apache\httpcomponents\httpcore\4.0.1\httpcore-4.0.1.jar;C:\Users\Admin\.m2\repository\commons-logging\commons-logging\1.1.1\commons-logging-1.1.1.jar;C:\Users\Admin\.m2\repository\org\apache\cassandra\cassandra-thrift\0.8.1\cassandra-thrift-0.8.1.jar;C:\Users\Admin\.m2\repository\com\github\stephenc\jamm\0.2.2\jamm-0.2.2.jar;"/>
    <property name="java.vm.vendor" value="Oracle Corporation"/>
    <property name="sun.arch.data.model" value="64"/>
    <property name="user.variant" value=""/>
    <property name="java.vendor.url" value="https://java.oracle.com/"/>
    <property name="user.timezone" value="Asia/Saigon"/>
    <property name="os.name" value="Windows 11"/>
    <property name="java.vm.specification.version" value="17"/>
    <property name="user.country" value="US"/>
    <property name="sun.java.launcher" value="SUN_STANDARD"/>
    <property name="sun.boot.library.path" value="C:\Program Files\Java\jdk-17\bin"/>
    <property name="sun.java.command" value="C:\Users\Admin\AppData\Local\Temp\surefire7934003262252566088\surefirebooter-20230306132816512_3.jar C:\Users\Admin\AppData\Local\Temp\surefire7934003262252566088 2023-03-06T13-28-16_166-jvmRun1 surefire-20230306132816512_1tmp surefire_0-20230306132816512_2tmp"/>
    <property name="jdk.debug" value="release"/>
    <property name="test" value="com.khoanda.fraction.test.maven.FractionCalculatorTest"/>
    <property name="surefire.test.class.path" value="D:\SWT301\code\fractions-calculate-maven\target\test-classes;D:\SWT301\code\fractions-calculate-maven\target\classes;C:\Users\Admin\.m2\repository\org\testng\testng\7.7.1\testng-7.7.1.jar;C:\Users\Admin\.m2\repository\org\slf4j\slf4j-api\1.7.36\slf4j-api-1.7.36.jar;C:\Users\Admin\.m2\repository\com\beust\jcommander\1.82\jcommander-1.82.jar;C:\Users\Admin\.m2\repository\org\webjars\jquery\3.6.1\jquery-3.6.1.jar;C:\Users\Admin\.m2\repository\org\apache\cassandra\cassandra-all\0.8.1\cassandra-all-0.8.1.jar;C:\Users\Admin\.m2\repository\com\google\guava\guava\r08\guava-r08.jar;C:\Users\Admin\.m2\repository\commons-cli\commons-cli\1.1\commons-cli-1.1.jar;C:\Users\Admin\.m2\repository\commons-codec\commons-codec\1.2\commons-codec-1.2.jar;C:\Users\Admin\.m2\repository\commons-collections\commons-collections\3.2.1\commons-collections-3.2.1.jar;C:\Users\Admin\.m2\repository\commons-lang\commons-lang\2.4\commons-lang-2.4.jar;C:\Users\Admin\.m2\repository\com\googlecode\concurrentlinkedhashmap\concurrentlinkedhashmap-lru\1.1\concurrentlinkedhashmap-lru-1.1.jar;C:\Users\Admin\.m2\repository\org\antlr\antlr\3.2\antlr-3.2.jar;C:\Users\Admin\.m2\repository\org\antlr\antlr-runtime\3.2\antlr-runtime-3.2.jar;C:\Users\Admin\.m2\repository\org\antlr\stringtemplate\3.2\stringtemplate-3.2.jar;C:\Users\Admin\.m2\repository\antlr\antlr\2.7.7\antlr-2.7.7.jar;C:\Users\Admin\.m2\repository\org\apache\cassandra\deps\avro\1.4.0-cassandra-1\avro-1.4.0-cassandra-1.jar;C:\Users\Admin\.m2\repository\org\mortbay\jetty\jetty\6.1.22\jetty-6.1.22.jar;C:\Users\Admin\.m2\repository\org\mortbay\jetty\jetty-util\6.1.22\jetty-util-6.1.22.jar;C:\Users\Admin\.m2\repository\org\mortbay\jetty\servlet-api\2.5-20081211\servlet-api-2.5-20081211.jar;C:\Users\Admin\.m2\repository\org\codehaus\jackson\jackson-core-asl\1.4.0\jackson-core-asl-1.4.0.jar;C:\Users\Admin\.m2\repository\org\codehaus\jackson\jackson-mapper-asl\1.4.0\jackson-mapper-asl-1.4.0.jar;C:\Users\Admin\.m2\repository\jline\jline\0.9.94\jline-0.9.94.jar;C:\Users\Admin\.m2\repository\com\googlecode\json-simple\json-simple\1.1\json-simple-1.1.jar;C:\Users\Admin\.m2\repository\com\github\stephenc\high-scale-lib\high-scale-lib\1.1.2\high-scale-lib-1.1.2.jar;C:\Users\Admin\.m2\repository\org\yaml\snakeyaml\1.6\snakeyaml-1.6.jar;C:\Users\Admin\.m2\repository\org\apache\thrift\libthrift\0.6.1\libthrift-0.6.1.jar;C:\Users\Admin\.m2\repository\junit\junit\4.4\junit-4.4.jar;C:\Users\Admin\.m2\repository\javax\servlet\servlet-api\2.5\servlet-api-2.5.jar;C:\Users\Admin\.m2\repository\org\apache\httpcomponents\httpclient\4.0.1\httpclient-4.0.1.jar;C:\Users\Admin\.m2\repository\org\apache\httpcomponents\httpcore\4.0.1\httpcore-4.0.1.jar;C:\Users\Admin\.m2\repository\commons-logging\commons-logging\1.1.1\commons-logging-1.1.1.jar;C:\Users\Admin\.m2\repository\org\apache\cassandra\cassandra-thrift\0.8.1\cassandra-thrift-0.8.1.jar;C:\Users\Admin\.m2\repository\com\github\stephenc\jamm\0.2.2\jamm-0.2.2.jar;"/>
    <property name="sun.cpu.endian" value="little"/>
    <property name="user.home" value="C:\Users\Admin"/>
    <property name="user.language" value="en"/>
    <property name="java.specification.vendor" value="Oracle Corporation"/>
    <property name="java.version.date" value="2023-01-17"/>
    <property name="java.home" value="C:\Program Files\Java\jdk-17"/>
    <property name="file.separator" value="\"/>
    <property name="basedir" value="D:\SWT301\code\fractions-calculate-maven"/>
    <property name="java.vm.compressedOopsMode" value="Zero based"/>
    <property name="line.separator" value="&#10;"/>
    <property name="java.vm.specification.vendor" value="Oracle Corporation"/>
    <property name="java.specification.name" value="Java Platform API Specification"/>
    <property name="surefire.real.class.path" value="C:\Users\Admin\AppData\Local\Temp\surefire7934003262252566088\surefirebooter-20230306132816512_3.jar"/>
    <property name="user.script" value=""/>
    <property name="sun.management.compiler" value="HotSpot 64-Bit Tiered Compilers"/>
    <property name="java.runtime.version" value="17.0.6+9-LTS-190"/>
    <property name="user.name" value="Admin"/>
    <property name="path.separator" value=";"/>
    <property name="os.version" value="10.0"/>
    <property name="java.runtime.name" value="Java(TM) SE Runtime Environment"/>
    <property name="file.encoding" value="UTF-8"/>
    <property name="java.vm.name" value="Java HotSpot(TM) 64-Bit Server VM"/>
    <property name="maven.ext.class.path" value="C:\Program Files\NetBeans-15\netbeans\java\maven-nblib\netbeans-eventspy.jar"/>
    <property name="localRepository" value="C:\Users\Admin\.m2\repository"/>
    <property name="java.vendor.url.bug" value="https://bugreport.java.com/bugreport/"/>
    <property name="java.io.tmpdir" value="C:\Users\Admin\AppData\Local\Temp\"/>
    <property name="java.version" value="17.0.6"/>
    <property name="user.dir" value="D:\SWT301\code\fractions-calculate-maven"/>
    <property name="os.arch" value="amd64"/>
    <property name="java.vm.specification.name" value="Java Virtual Machine Specification"/>
    <property name="sun.os.patch.level" value=""/>
    <property name="native.encoding" value="Cp1252"/>
    <property name="java.library.path" value="C:\Program Files\Java\jdk-17\bin;C:\WINDOWS\Sun\Java\bin;C:\WINDOWS\system32;C:\WINDOWS;C:\Program Files\Common Files\Oracle\Java\javapath;C:\Program Files (x86)\Common Files\Oracle\Java\javapath;C:\Windows\system32;C:\Windows;C:\Windows\System32\Wbem;C:\Windows\System32\WindowsPowerShell\v1.0\;C:\Windows\System32\OpenSSH\;C:\Program Files (x86)\NVIDIA Corporation\PhysX\Common;C:\Program Files\NVIDIA Corporation\NVIDIA NvDLISR;C:\Program Files\dotnet\;C:\Program Files\Microsoft SQL Server\Client SDK\ODBC\170\Tools\Binn\;C:\Program Files\Microsoft SQL Server\Client SDK\ODBC\110\Tools\Binn\;C:\WINDOWS\system32;C:\WINDOWS;C:\WINDOWS\System32\Wbem;C:\WINDOWS\System32\WindowsPowerShell\v1.0\;C:\WINDOWS\System32\OpenSSH\;C:\Program Files (x86)\Microsoft SQL Server\150\Tools\Binn\;C:\Program Files\Microsoft SQL Server\150\Tools\Binn\;C:\Program Files\Microsoft SQL Server\150\DTS\Binn\;C:\Program Files (x86)\Microsoft SQL Server\150\DTS\Binn\;C:\Program Files\Azure Data Studio\bin;C:\Program Files\Apache Software Foundation\Tomcat 10.0\BIN;C:\Program Files\Java\jdk-17\BIN;C:\Program Files\apache-maven-3.9.0\BIN;C:\Program Files\Git\cmd;C:\Users\Admin\AppData\Local\Microsoft\WindowsApps;C:\Users\Admin\.dotnet\tools;C:\Program Files\Azure Data Studio\bin;D:\Microsoft VS Code\bin;C:\Users\Admin\AppData\Local\GitHubDesktop\bin;C:\Program Files\JetBrains\IntelliJ IDEA Community Edition 2022.3.2\bin;;."/>
    <property name="java.vm.info" value="mixed mode, sharing"/>
    <property name="java.vendor" value="Oracle Corporation"/>
    <property name="java.vm.version" value="17.0.6+9-LTS-190"/>
    <property name="sun.io.unicode.encoding" value="UnicodeLittle"/>
    <property name="java.class.version" value="61.0"/>
  </properties>
  <testcase name="testAddition[com.khoanda.fractions.calculate.maven.Fraction@61df66b6, com.khoanda.fractions.calculate.maven.Fraction@50eac852, 5/6](1)" classname="com.khoanda.fraction.test.maven.FractionCalculatorTest" time="0.009">
    <system-err><![CDATA[SLF4J: Failed to load class "org.slf4j.impl.StaticLoggerBinder".
SLF4J: Defaulting to no-operation (NOP) logger implementation
SLF4J: See http://www.slf4j.org/codes.html#StaticLoggerBinder for further details.
]]></system-err>
  </testcase>
  <testcase name="testAddition[com.khoanda.fractions.calculate.maven.Fraction@384ad17b, com.khoanda.fractions.calculate.maven.Fraction@61862a7f, 23/20](2)" classname="com.khoanda.fraction.test.maven.FractionCalculatorTest" time="0"/>
  <testcase name="testAddition[com.khoanda.fractions.calculate.maven.Fraction@7334aada, com.khoanda.fractions.calculate.maven.Fraction@1d9b7cce, 1/2](3)" classname="com.khoanda.fraction.test.maven.FractionCalculatorTest" time="0"/>
  <testcase name="testDivInvalidFractions[com.khoanda.fractions.calculate.maven.Fraction@42e99e4a, com.khoanda.fractions.calculate.maven.Fraction@14dd9eb7](1)" classname="com.khoanda.fraction.test.maven.FractionCalculatorTest" time="0.001"/>
  <testcase name="testDivInvalidFractions[com.khoanda.fractions.calculate.maven.Fraction@62150f9e, com.khoanda.fractions.calculate.maven.Fraction@1a451d4d](2)" classname="com.khoanda.fraction.test.maven.FractionCalculatorTest" time="0.001"/>
  <testcase name="testDivision[com.khoanda.fractions.calculate.maven.Fraction@15ff3e9e, com.khoanda.fractions.calculate.maven.Fraction@5fdcaa40, 3/2](1)" classname="com.khoanda.fraction.test.maven.FractionCalculatorTest" time="0"/>
  <testcase name="testDivision[com.khoanda.fractions.calculate.maven.Fraction@5e0826e7, com.khoanda.fractions.calculate.maven.Fraction@32eff876, 15/8](2)" classname="com.khoanda.fraction.test.maven.FractionCalculatorTest" time="0.001"/>
  <testcase name="testDivision[com.khoanda.fractions.calculate.maven.Fraction@6e20b53a, com.khoanda.fractions.calculate.maven.Fraction@71809907, 0/1](3)" classname="com.khoanda.fraction.test.maven.FractionCalculatorTest" time="0"/>
  <testcase name="testMultiplication[com.khoanda.fractions.calculate.maven.Fraction@6aba2b86, com.khoanda.fractions.calculate.maven.Fraction@158da8e, 1/6](1)" classname="com.khoanda.fraction.test.maven.FractionCalculatorTest" time="0"/>
  <testcase name="testMultiplication[com.khoanda.fractions.calculate.maven.Fraction@47af7f3d, com.khoanda.fractions.calculate.maven.Fraction@7c729a55, 3/10](2)" classname="com.khoanda.fraction.test.maven.FractionCalculatorTest" time="0"/>
  <testcase name="testMultiplication[com.khoanda.fractions.calculate.maven.Fraction@661972b0, com.khoanda.fractions.calculate.maven.Fraction@5af3afd9, 0/1](3)" classname="com.khoanda.fraction.test.maven.FractionCalculatorTest" time="0.001"/>
  <testcase name="testSubtraction[com.khoanda.fractions.calculate.maven.Fraction@44ebcd03, com.khoanda.fractions.calculate.maven.Fraction@694abbdc, 1/6](1)" classname="com.khoanda.fraction.test.maven.FractionCalculatorTest" time="0"/>
  <testcase name="testSubtraction[com.khoanda.fractions.calculate.maven.Fraction@4567f35d, com.khoanda.fractions.calculate.maven.Fraction@5ffead27, 7/20](2)" classname="com.khoanda.fraction.test.maven.FractionCalculatorTest" time="0"/>
  <testcase name="testSubtraction[com.khoanda.fractions.calculate.maven.Fraction@4f18837a, com.khoanda.fractions.calculate.maven.Fraction@359f7cdf, -1/2](3)" classname="com.khoanda.fraction.test.maven.FractionCalculatorTest" time="0"/>
</testsuite>