<?xml version="1.0" encoding="UTF-8"?>
<!-- Generated by org.testng.reporters.JUnitReportReporter -->
<testsuite hostname="Khoa" failures="0" tests="14" name="com.khoanda.fraction.test.maven.FractionCalculatorTest" time="0.013" errors="0" timestamp="2023-03-06T13:28:17 ICT" skipped="0">
  <testcase classname="com.khoanda.fraction.test.maven.FractionCalculatorTest" name="testDivision" time="0.001"/>
  <system-out/>
  <testcase classname="com.khoanda.fraction.test.maven.FractionCalculatorTest" name="testMultiplication" time="0.000"/>
  <system-out/>
  <testcase classname="com.khoanda.fraction.test.maven.FractionCalculatorTest" name="testMultiplication" time="0.001"/>
  <system-out/>
  <testcase classname="com.khoanda.fraction.test.maven.FractionCalculatorTest" name="testDivision" time="0.000"/>
  <system-out/>
  <testcase classname="com.khoanda.fraction.test.maven.FractionCalculatorTest" name="testSubtraction" time="0.000"/>
  <system-out/>
  <testcase classname="com.khoanda.fraction.test.maven.FractionCalculatorTest" name="testDivInvalidFractions" time="0.000"/>
  <system-out/>
  <testcase classname="com.khoanda.fraction.test.maven.FractionCalculatorTest" name="testSubtraction" time="0.001"/>
  <system-out/>
  <testcase classname="com.khoanda.fraction.test.maven.FractionCalculatorTest" name="testAddition" time="0.009"/>
  <system-out/>
  <testcase classname="com.khoanda.fraction.test.maven.FractionCalculatorTest" name="testAddition" time="0.000"/>
  <system-out/>
  <testcase classname="com.khoanda.fraction.test.maven.FractionCalculatorTest" name="testAddition" time="0.000"/>
  <system-out/>
  <testcase classname="com.khoanda.fraction.test.maven.FractionCalculatorTest" name="testDivInvalidFractions" time="0.000"/>
  <system-out/>
  <testcase classname="com.khoanda.fraction.test.maven.FractionCalculatorTest" name="testDivision" time="0.000"/>
  <system-out/>
  <testcase classname="com.khoanda.fraction.test.maven.FractionCalculatorTest" name="testMultiplication" time="0.000"/>
  <system-out/>
  <testcase classname="com.khoanda.fraction.test.maven.FractionCalculatorTest" name="testSubtraction" time="0.001"/>
  <system-out/>
</testsuite> <!-- com.khoanda.fraction.test.maven.FractionCalculatorTest -->
